<?xml version="1.0" encoding="UTF-8"?>
<testng-results skipped="0" failed="0" ignored="0" total="1" passed="1">
  <reporter-output>
  </reporter-output>
  <suite name="Default suite" duration-ms="38" started-at="2019-03-18T05:12:49Z" finished-at="2019-03-18T05:12:49Z">
    <groups>
    </groups>
    <test name="Default test" duration-ms="38" started-at="2019-03-18T05:12:49Z" finished-at="2019-03-18T05:12:49Z">
      <class name="executionTest.t1">
        <test-method status="PASS" signature="test1()[pri:0, instance:executionTest.t1@6a2bcfcb]" name="test1" duration-ms="11" started-at="2019-03-18T01:12:49Z" finished-at="2019-03-18T01:12:49Z">
          <reporter-output>
          </reporter-output>
        </test-method> <!-- test1 -->
      </class> <!-- executionTest.t1 -->
    </test> <!-- Default test -->
  </suite> <!-- Default suite -->
</testng-results>
